
> comicwise@0.1.0 type-check C:\Users\Alexa\Desktop\SandBox\comicwise
> tsc --noEmit

src/__tests__/components/profile/EditProfileForm.test.tsx(95,22): error TS2532: Object is possibly 'undefined'.
src/__tests__/integration/stores.test.tsx(152,14): error TS2532: Object is possibly 'undefined'.
src/__tests__/integration/stores.test.tsx(168,14): error TS2532: Object is possibly 'undefined'.
src/__tests__/integration/stores.test.tsx(183,14): error TS2532: Object is possibly 'undefined'.
src/__tests__/lib/actions/bookmark.test.ts(47,19): error TS2345: Argument of type '{ success: boolean; error: string; } | { success: boolean; error?: undefined; }' is not assignable to parameter of type 'ActionResult<unknown>'.
  Type '{ success: boolean; error?: undefined; }' is not assignable to type 'ActionResult<unknown>'.
    Type '{ success: boolean; error?: undefined; }' is not assignable to type 'ActionError'.
      Types of property 'success' are incompatible.
        Type 'boolean' is not assignable to type 'false'.
src/__tests__/lib/actions/bookmark.test.ts(58,20): error TS2345: Argument of type '{ success: boolean; error: string; } | { success: boolean; error?: undefined; }' is not assignable to parameter of type 'ActionResult<unknown>'.
  Type '{ success: boolean; error?: undefined; }' is not assignable to type 'ActionResult<unknown>'.
    Type '{ success: boolean; error?: undefined; }' is not assignable to type 'ActionError'.
      Types of property 'success' are incompatible.
        Type 'boolean' is not assignable to type 'false'.
src/__tests__/lib/actions/bookmark.test.ts(79,52): error TS2345: Argument of type '"InvalidStatus"' is not assignable to parameter of type 'BookmarkStatus'.
src/__tests__/lib/actions/users.test.ts(55,39): error TS2345: Argument of type 'null' is not assignable to parameter of type 'NextMiddleware'.
src/__tests__/lib/actions/users.test.ts(60,7): error TS2322: Type 'null' is not assignable to type 'string | undefined'.
src/__tests__/lib/actions/users.test.ts(65,19): error TS2339: Property 'error' does not exist on type 'ActionResult<unknown>'.
  Property 'error' does not exist on type 'ActionSuccess<unknown>'.
src/__tests__/lib/actions/users.test.ts(76,7): error TS2322: Type 'null' is not assignable to type 'string | undefined'.
src/__tests__/lib/actions/users.test.ts(81,19): error TS2339: Property 'error' does not exist on type 'ActionResult<unknown>'.
  Property 'error' does not exist on type 'ActionSuccess<unknown>'.
src/__tests__/lib/actions/users.test.ts(94,7): error TS2322: Type 'null' is not assignable to type 'string | undefined'.
src/__tests__/lib/actions/users.test.ts(114,7): error TS2353: Object literal may only specify known properties, and 'darkMode' does not exist in type '{ emailNotifications?: boolean | undefined; newChapterAlerts?: boolean | undefined; commentReplies?: boolean | undefined; profileVisibility?: boolean | undefined; readingHistoryVisibility?: boolean | undefined; }'.
src/__tests__/lib/actions/users.test.ts(121,39): error TS2345: Argument of type 'null' is not assignable to parameter of type 'NextMiddleware'.
src/__tests__/lib/actions/users.test.ts(125,7): error TS2353: Object literal may only specify known properties, and 'darkMode' does not exist in type '{ emailNotifications?: boolean | undefined; newChapterAlerts?: boolean | undefined; commentReplies?: boolean | undefined; profileVisibility?: boolean | undefined; readingHistoryVisibility?: boolean | undefined; }'.
src/__tests__/lib/actions/users.test.ts(129,19): error TS2339: Property 'error' does not exist on type 'ActionResult<unknown>'.
  Property 'error' does not exist on type 'ActionSuccess<unknown>'.
src/__tests__/lib/actions/users.test.ts(149,39): error TS2345: Argument of type 'null' is not assignable to parameter of type 'NextMiddleware'.
src/__tests__/lib/actions/users.test.ts(154,19): error TS2339: Property 'error' does not exist on type 'ActionResult<unknown>'.
  Property 'error' does not exist on type 'ActionSuccess<unknown>'.
src/components/admin/ComicsTable.tsx(84,5): error TS2554: Expected 2 arguments, but got 1.
src/components/admin/ComicsTable.tsx(103,5): error TS2554: Expected 2 arguments, but got 1.
src/components/admin/DeleteComicButton.tsx(34,11): error TS2554: Expected 2 arguments, but got 1.
src/database/seed/run.ts(125,17): error TS2304: Cannot find name 'seedUsersV4'.
src/database/seed/run.ts(131,23): error TS18046: 'userStats' is of type 'unknown'.
src/database/seed/run.ts(131,49): error TS18046: 'userStats' is of type 'unknown'.
src/database/seed/run.ts(131,79): error TS18046: 'userStats' is of type 'unknown'.
src/database/seed/run.ts(131,109): error TS18046: 'userStats' is of type 'unknown'.
src/database/seed/run.ts(151,17): error TS2304: Cannot find name 'seedComicsV4'.
src/database/seed/run.ts(157,24): error TS18046: 'comicStats' is of type 'unknown'.
src/database/seed/run.ts(157,51): error TS18046: 'comicStats' is of type 'unknown'.
src/database/seed/run.ts(157,82): error TS18046: 'comicStats' is of type 'unknown'.
src/database/seed/run.ts(157,113): error TS18046: 'comicStats' is of type 'unknown'.
src/database/seed/run.ts(177,17): error TS2304: Cannot find name 'seedChaptersV4'.
src/database/seed/run.ts(183,26): error TS18046: 'chapterStats' is of type 'unknown'.
src/database/seed/run.ts(183,55): error TS18046: 'chapterStats' is of type 'unknown'.
src/database/seed/run.ts(183,88): error TS18046: 'chapterStats' is of type 'unknown'.
src/database/seed/run.ts(183,121): error TS18046: 'chapterStats' is of type 'unknown'.
ΓÇëELIFECYCLEΓÇë Command failed with exit code 1.
