
> comicwise@0.1.0 validate:quick C:\Users\Alexa\Desktop\SandBox\comicwise
> pnpm type-check && pnpm lint


> comicwise@0.1.0 type-check C:\Users\Alexa\Desktop\SandBox\comicwise
> tsc --noEmit

src/__tests__/components/profile/EditProfileForm.test.tsx(95,22): error TS2532: Object is possibly 'undefined'.
src/__tests__/integration/stores.test.tsx(152,14): error TS2532: Object is possibly 'undefined'.
src/__tests__/integration/stores.test.tsx(168,14): error TS2532: Object is possibly 'undefined'.
src/__tests__/integration/stores.test.tsx(183,14): error TS2532: Object is possibly 'undefined'.
src/__tests__/lib/actions/bookmark.test.ts(47,19): error TS2345: Argument of type '{ success: boolean; error: string; } | { success: boolean; error?: undefined; }' is not assignable to parameter of type 'ActionResult<unknown>'.
  Type '{ success: boolean; error?: undefined; }' is not assignable to type 'ActionResult<unknown>'.
    Type '{ success: boolean; error?: undefined; }' is not assignable to type 'ActionError'.
      Types of property 'success' are incompatible.
        Type 'boolean' is not assignable to type 'false'.
src/__tests__/lib/actions/bookmark.test.ts(58,20): error TS2345: Argument of type '{ success: boolean; error: string; } | { success: boolean; error?: undefined; }' is not assignable to parameter of type 'ActionResult<unknown>'.
  Type '{ success: boolean; error?: undefined; }' is not assignable to type 'ActionResult<unknown>'.
    Type '{ success: boolean; error?: undefined; }' is not assignable to type 'ActionError'.
      Types of property 'success' are incompatible.
        Type 'boolean' is not assignable to type 'false'.
src/__tests__/lib/actions/bookmark.test.ts(79,52): error TS2345: Argument of type '"InvalidStatus"' is not assignable to parameter of type 'BookmarkStatus'.
src/__tests__/lib/actions/users.test.ts(55,39): error TS2345: Argument of type 'null' is not assignable to parameter of type 'NextMiddleware'.
src/__tests__/lib/actions/users.test.ts(60,7): error TS2322: Type 'null' is not assignable to type 'string | undefined'.
src/__tests__/lib/actions/users.test.ts(65,19): error TS2339: Property 'error' does not exist on type 'ActionResult<unknown>'.
  Property 'error' does not exist on type 'ActionSuccess<unknown>'.
src/__tests__/lib/actions/users.test.ts(76,7): error TS2322: Type 'null' is not assignable to type 'string | undefined'.
src/__tests__/lib/actions/users.test.ts(81,19): error TS2339: Property 'error' does not exist on type 'ActionResult<unknown>'.
  Property 'error' does not exist on type 'ActionSuccess<unknown>'.
src/__tests__/lib/actions/users.test.ts(94,7): error TS2322: Type 'null' is not assignable to type 'string | undefined'.
src/__tests__/lib/actions/users.test.ts(114,7): error TS2353: Object literal may only specify known properties, and 'darkMode' does not exist in type '{ emailNotifications?: boolean | undefined; newChapterAlerts?: boolean | undefined; commentReplies?: boolean | undefined; profileVisibility?: boolean | undefined; readingHistoryVisibility?: boolean | undefined; }'.
src/__tests__/lib/actions/users.test.ts(121,39): error TS2345: Argument of type 'null' is not assignable to parameter of type 'NextMiddleware'.
src/__tests__/lib/actions/users.test.ts(125,7): error TS2353: Object literal may only specify known properties, and 'darkMode' does not exist in type '{ emailNotifications?: boolean | undefined; newChapterAlerts?: boolean | undefined; commentReplies?: boolean | undefined; profileVisibility?: boolean | undefined; readingHistoryVisibility?: boolean | undefined; }'.
src/__tests__/lib/actions/users.test.ts(129,19): error TS2339: Property 'error' does not exist on type 'ActionResult<unknown>'.
  Property 'error' does not exist on type 'ActionSuccess<unknown>'.
src/__tests__/lib/actions/users.test.ts(149,39): error TS2345: Argument of type 'null' is not assignable to parameter of type 'NextMiddleware'.
src/__tests__/lib/actions/users.test.ts(154,19): error TS2339: Property 'error' does not exist on type 'ActionResult<unknown>'.
  Property 'error' does not exist on type 'ActionSuccess<unknown>'.
src/components/admin/ComicsTable.tsx(84,5): error TS2554: Expected 2 arguments, but got 1.
src/components/admin/ComicsTable.tsx(103,5): error TS2554: Expected 2 arguments, but got 1.
src/components/admin/DeleteComicButton.tsx(34,11): error TS2554: Expected 2 arguments, but got 1.
src/database/mutations/genres.ts(21,6): error TS2769: No overload matches this call.
  Overload 1 of 2, '(value: { name: string | SQL<unknown> | Placeholder<string, any>; slug: string | SQL<unknown> | Placeholder<string, any>; description?: string | SQL<unknown> | Placeholder<...> | null | undefined; id?: number | ... 2 more ... | undefined; createdAt?: SQL<...> | ... 2 more ... | undefined; }): PgInsertBase<...>', gave the following error.
    Argument of type '{ name: string; description: string | null; createdAt: Date; }' is not assignable to parameter of type '{ name: string | SQL<unknown> | Placeholder<string, any>; slug: string | SQL<unknown> | Placeholder<string, any>; description?: string | SQL<unknown> | Placeholder<...> | null | undefined; id?: number | ... 2 more ... | undefined; createdAt?: SQL<...> | ... 2 more ... | undefined; }'.
      Property 'slug' is missing in type '{ name: string; description: string | null; createdAt: Date; }' but required in type '{ name: string | SQL<unknown> | Placeholder<string, any>; slug: string | SQL<unknown> | Placeholder<string, any>; description?: string | SQL<unknown> | Placeholder<...> | null | undefined; id?: number | ... 2 more ... | undefined; createdAt?: SQL<...> | ... 2 more ... | undefined; }'.
  Overload 2 of 2, '(values: { name: string | SQL<unknown> | Placeholder<string, any>; slug: string | SQL<unknown> | Placeholder<string, any>; description?: string | SQL<unknown> | Placeholder<...> | null | undefined; id?: number | ... 2 more ... | undefined; createdAt?: SQL<...> | ... 2 more ... | undefined; }[]): PgInsertBase<...>', gave the following error.
    Object literal may only specify known properties, and 'name' does not exist in type '{ name: string | SQL<unknown> | Placeholder<string, any>; slug: string | SQL<unknown> | Placeholder<string, any>; description?: string | SQL<unknown> | Placeholder<...> | null | undefined; id?: number | ... 2 more ... | undefined; createdAt?: SQL<...> | ... 2 more ... | undefined; }[]'.
src/database/queries/passwordResetToken.ts(9,75): error TS2551: Property 'expiresAt' does not exist on type 'PgTableWithColumns<{ name: "passwordResetToken"; schema: undefined; columns: { id: PgColumn<{ name: "id"; tableName: "passwordResetToken"; dataType: "string"; columnType: "PgText"; data: string; driverParam: string; notNull: true; ... 7 more ...; generated: undefined; }, {}, {}>; email: PgColumn<...>; token: PgColum...'. Did you mean 'expires'?
src/database/seed.backup.20260122-155346/enhancedSeedRunner.ts(497,16): error TS2769: No overload matches this call.
  Overload 1 of 2, '(value: { name: string | SQL<unknown> | Placeholder<string, any>; slug: string | SQL<unknown> | Placeholder<string, any>; description?: string | SQL<unknown> | Placeholder<...> | null | undefined; id?: number | ... 2 more ... | undefined; createdAt?: SQL<...> | ... 2 more ... | undefined; }): PgInsertBase<...>', gave the following error.
    Argument of type '{ name: string; }' is not assignable to parameter of type '{ name: string | SQL<unknown> | Placeholder<string, any>; slug: string | SQL<unknown> | Placeholder<string, any>; description?: string | SQL<unknown> | Placeholder<...> | null | undefined; id?: number | ... 2 more ... | undefined; createdAt?: SQL<...> | ... 2 more ... | undefined; }'.
      Property 'slug' is missing in type '{ name: string; }' but required in type '{ name: string | SQL<unknown> | Placeholder<string, any>; slug: string | SQL<unknown> | Placeholder<string, any>; description?: string | SQL<unknown> | Placeholder<...> | null | undefined; id?: number | ... 2 more ... | undefined; createdAt?: SQL<...> | ... 2 more ... | undefined; }'.
  Overload 2 of 2, '(values: { name: string | SQL<unknown> | Placeholder<string, any>; slug: string | SQL<unknown> | Placeholder<string, any>; description?: string | SQL<unknown> | Placeholder<...> | null | undefined; id?: number | ... 2 more ... | undefined; createdAt?: SQL<...> | ... 2 more ... | undefined; }[]): PgInsertBase<...>', gave the following error.
    Object literal may only specify known properties, and 'name' does not exist in type '{ name: string | SQL<unknown> | Placeholder<string, any>; slug: string | SQL<unknown> | Placeholder<string, any>; description?: string | SQL<unknown> | Placeholder<...> | null | undefined; id?: number | ... 2 more ... | undefined; createdAt?: SQL<...> | ... 2 more ... | undefined; }[]'.
src/database/seed.backup.20260122-155346/runUltraOptimized.ts(461,22): error TS2769: No overload matches this call.
  Overload 1 of 2, '(value: { name: string | SQL<unknown> | Placeholder<string, any>; slug: string | SQL<unknown> | Placeholder<string, any>; description?: string | SQL<unknown> | Placeholder<...> | null | undefined; id?: number | ... 2 more ... | undefined; createdAt?: SQL<...> | ... 2 more ... | undefined; }): PgInsertBase<...>', gave the following error.
    Argument of type '{ name: string; }' is not assignable to parameter of type '{ name: string | SQL<unknown> | Placeholder<string, any>; slug: string | SQL<unknown> | Placeholder<string, any>; description?: string | SQL<unknown> | Placeholder<...> | null | undefined; id?: number | ... 2 more ... | undefined; createdAt?: SQL<...> | ... 2 more ... | undefined; }'.
      Property 'slug' is missing in type '{ name: string; }' but required in type '{ name: string | SQL<unknown> | Placeholder<string, any>; slug: string | SQL<unknown> | Placeholder<string, any>; description?: string | SQL<unknown> | Placeholder<...> | null | undefined; id?: number | ... 2 more ... | undefined; createdAt?: SQL<...> | ... 2 more ... | undefined; }'.
  Overload 2 of 2, '(values: { name: string | SQL<unknown> | Placeholder<string, any>; slug: string | SQL<unknown> | Placeholder<string, any>; description?: string | SQL<unknown> | Placeholder<...> | null | undefined; id?: number | ... 2 more ... | undefined; createdAt?: SQL<...> | ... 2 more ... | undefined; }[]): PgInsertBase<...>', gave the following error.
    Object literal may only specify known properties, and 'name' does not exist in type '{ name: string | SQL<unknown> | Placeholder<string, any>; slug: string | SQL<unknown> | Placeholder<string, any>; description?: string | SQL<unknown> | Placeholder<...> | null | undefined; id?: number | ... 2 more ... | undefined; createdAt?: SQL<...> | ... 2 more ... | undefined; }[]'.
src/database/seed.backup.20260122-155346/seeders/comicSeeder.ts(127,49): error TS2345: Argument of type '{ name: string; }' is not assignable to parameter of type '{ name: string; slug: string; description?: string | null | undefined; id?: number | undefined; createdAt?: Date | undefined; }'.
  Property 'slug' is missing in type '{ name: string; }' but required in type '{ name: string; slug: string; description?: string | null | undefined; id?: number | undefined; createdAt?: Date | undefined; }'.
src/database/seed.backup.20260122-155346/seeders/comicSeederEnhanced.ts(208,49): error TS2769: No overload matches this call.
  Overload 1 of 2, '(value: { name: string | SQL<unknown> | Placeholder<string, any>; slug: string | SQL<unknown> | Placeholder<string, any>; description?: string | SQL<unknown> | Placeholder<...> | null | undefined; id?: number | ... 2 more ... | undefined; createdAt?: SQL<...> | ... 2 more ... | undefined; }): PgInsertBase<...>', gave the following error.
    Argument of type '{ name: string; }' is not assignable to parameter of type '{ name: string | SQL<unknown> | Placeholder<string, any>; slug: string | SQL<unknown> | Placeholder<string, any>; description?: string | SQL<unknown> | Placeholder<...> | null | undefined; id?: number | ... 2 more ... | undefined; createdAt?: SQL<...> | ... 2 more ... | undefined; }'.
      Property 'slug' is missing in type '{ name: string; }' but required in type '{ name: string | SQL<unknown> | Placeholder<string, any>; slug: string | SQL<unknown> | Placeholder<string, any>; description?: string | SQL<unknown> | Placeholder<...> | null | undefined; id?: number | ... 2 more ... | undefined; createdAt?: SQL<...> | ... 2 more ... | undefined; }'.
  Overload 2 of 2, '(values: { name: string | SQL<unknown> | Placeholder<string, any>; slug: string | SQL<unknown> | Placeholder<string, any>; description?: string | SQL<unknown> | Placeholder<...> | null | undefined; id?: number | ... 2 more ... | undefined; createdAt?: SQL<...> | ... 2 more ... | undefined; }[]): PgInsertBase<...>', gave the following error.
    Object literal may only specify known properties, and 'name' does not exist in type '{ name: string | SQL<unknown> | Placeholder<string, any>; slug: string | SQL<unknown> | Placeholder<string, any>; description?: string | SQL<unknown> | Placeholder<...> | null | undefined; id?: number | ... 2 more ... | undefined; createdAt?: SQL<...> | ... 2 more ... | undefined; }[]'.
src/database/seed.backup.20260122-155346/seeders/seedChaptersOptimized.ts(48,43): error TS2554: Expected 0 arguments, but got 1.
src/database/seed.backup.20260122-155346/seeders/seedComicsOptimized.ts(82,41): error TS2554: Expected 0 arguments, but got 1.
src/database/seed.backup.20260122-155346/seeders/seedComicsOptimized.ts(250,50): error TS2769: No overload matches this call.
  Overload 1 of 2, '(value: { name: string | SQL<unknown> | Placeholder<string, any>; slug: string | SQL<unknown> | Placeholder<string, any>; description?: string | SQL<unknown> | Placeholder<...> | null | undefined; id?: number | ... 2 more ... | undefined; createdAt?: SQL<...> | ... 2 more ... | undefined; }): PgInsertBase<...>', gave the following error.
    Argument of type '{ name: string; }' is not assignable to parameter of type '{ name: string | SQL<unknown> | Placeholder<string, any>; slug: string | SQL<unknown> | Placeholder<string, any>; description?: string | SQL<unknown> | Placeholder<...> | null | undefined; id?: number | ... 2 more ... | undefined; createdAt?: SQL<...> | ... 2 more ... | undefined; }'.
      Property 'slug' is missing in type '{ name: string; }' but required in type '{ name: string | SQL<unknown> | Placeholder<string, any>; slug: string | SQL<unknown> | Placeholder<string, any>; description?: string | SQL<unknown> | Placeholder<...> | null | undefined; id?: number | ... 2 more ... | undefined; createdAt?: SQL<...> | ... 2 more ... | undefined; }'.
  Overload 2 of 2, '(values: { name: string | SQL<unknown> | Placeholder<string, any>; slug: string | SQL<unknown> | Placeholder<string, any>; description?: string | SQL<unknown> | Placeholder<...> | null | undefined; id?: number | ... 2 more ... | undefined; createdAt?: SQL<...> | ... 2 more ... | undefined; }[]): PgInsertBase<...>', gave the following error.
    Object literal may only specify known properties, and 'name' does not exist in type '{ name: string | SQL<unknown> | Placeholder<string, any>; slug: string | SQL<unknown> | Placeholder<string, any>; description?: string | SQL<unknown> | Placeholder<...> | null | undefined; id?: number | ... 2 more ... | undefined; createdAt?: SQL<...> | ... 2 more ... | undefined; }[]'.
src/database/seed.backup.20260122-155346/seeders/seedUsersOptimized.ts(64,41): error TS2554: Expected 0 arguments, but got 1.
src/database/seed.backup.20260122-155346/seeders/universalSeeder.ts(703,6): error TS2769: No overload matches this call.
  Overload 1 of 2, '(value: { name: string | SQL<unknown> | Placeholder<string, any>; slug: string | SQL<unknown> | Placeholder<string, any>; description?: string | SQL<unknown> | Placeholder<...> | null | undefined; id?: number | ... 2 more ... | undefined; createdAt?: SQL<...> | ... 2 more ... | undefined; }): PgInsertBase<...>', gave the following error.
    Argument of type '{ name: string; description: null; }' is not assignable to parameter of type '{ name: string | SQL<unknown> | Placeholder<string, any>; slug: string | SQL<unknown> | Placeholder<string, any>; description?: string | SQL<unknown> | Placeholder<...> | null | undefined; id?: number | ... 2 more ... | undefined; createdAt?: SQL<...> | ... 2 more ... | undefined; }'.
      Property 'slug' is missing in type '{ name: string; description: null; }' but required in type '{ name: string | SQL<unknown> | Placeholder<string, any>; slug: string | SQL<unknown> | Placeholder<string, any>; description?: string | SQL<unknown> | Placeholder<...> | null | undefined; id?: number | ... 2 more ... | undefined; createdAt?: SQL<...> | ... 2 more ... | undefined; }'.
  Overload 2 of 2, '(values: { name: string | SQL<unknown> | Placeholder<string, any>; slug: string | SQL<unknown> | Placeholder<string, any>; description?: string | SQL<unknown> | Placeholder<...> | null | undefined; id?: number | ... 2 more ... | undefined; createdAt?: SQL<...> | ... 2 more ... | undefined; }[]): PgInsertBase<...>', gave the following error.
    Object literal may only specify known properties, and 'name' does not exist in type '{ name: string | SQL<unknown> | Placeholder<string, any>; slug: string | SQL<unknown> | Placeholder<string, any>; description?: string | SQL<unknown> | Placeholder<...> | null | undefined; id?: number | ... 2 more ... | undefined; createdAt?: SQL<...> | ... 2 more ... | undefined; }[]'.
src/database/seed.backup.20260122-155346/seedRunnerV3.ts(346,18): error TS2769: No overload matches this call.
  Overload 1 of 2, '(value: { name: string | SQL<unknown> | Placeholder<string, any>; slug: string | SQL<unknown> | Placeholder<string, any>; description?: string | SQL<unknown> | Placeholder<...> | null | undefined; id?: number | ... 2 more ... | undefined; createdAt?: SQL<...> | ... 2 more ... | undefined; }): PgInsertBase<...>', gave the following error.
    Argument of type '{ name: string; }' is not assignable to parameter of type '{ name: string | SQL<unknown> | Placeholder<string, any>; slug: string | SQL<unknown> | Placeholder<string, any>; description?: string | SQL<unknown> | Placeholder<...> | null | undefined; id?: number | ... 2 more ... | undefined; createdAt?: SQL<...> | ... 2 more ... | undefined; }'.
      Property 'slug' is missing in type '{ name: string; }' but required in type '{ name: string | SQL<unknown> | Placeholder<string, any>; slug: string | SQL<unknown> | Placeholder<string, any>; description?: string | SQL<unknown> | Placeholder<...> | null | undefined; id?: number | ... 2 more ... | undefined; createdAt?: SQL<...> | ... 2 more ... | undefined; }'.
  Overload 2 of 2, '(values: { name: string | SQL<unknown> | Placeholder<string, any>; slug: string | SQL<unknown> | Placeholder<string, any>; description?: string | SQL<unknown> | Placeholder<...> | null | undefined; id?: number | ... 2 more ... | undefined; createdAt?: SQL<...> | ... 2 more ... | undefined; }[]): PgInsertBase<...>', gave the following error.
    Object literal may only specify known properties, and 'name' does not exist in type '{ name: string | SQL<unknown> | Placeholder<string, any>; slug: string | SQL<unknown> | Placeholder<string, any>; description?: string | SQL<unknown> | Placeholder<...> | null | undefined; id?: number | ... 2 more ... | undefined; createdAt?: SQL<...> | ... 2 more ... | undefined; }[]'.
src/database/seed.backup.20260122-155346/seedRunnerV4.ts(292,47): error TS2769: No overload matches this call.
  Overload 1 of 2, '(value: { name: string | SQL<unknown> | Placeholder<string, any>; slug: string | SQL<unknown> | Placeholder<string, any>; description?: string | SQL<unknown> | Placeholder<...> | null | undefined; id?: number | ... 2 more ... | undefined; createdAt?: SQL<...> | ... 2 more ... | undefined; }): PgInsertBase<...>', gave the following error.
    Argument of type '{ name: string; }' is not assignable to parameter of type '{ name: string | SQL<unknown> | Placeholder<string, any>; slug: string | SQL<unknown> | Placeholder<string, any>; description?: string | SQL<unknown> | Placeholder<...> | null | undefined; id?: number | ... 2 more ... | undefined; createdAt?: SQL<...> | ... 2 more ... | undefined; }'.
      Property 'slug' is missing in type '{ name: string; }' but required in type '{ name: string | SQL<unknown> | Placeholder<string, any>; slug: string | SQL<unknown> | Placeholder<string, any>; description?: string | SQL<unknown> | Placeholder<...> | null | undefined; id?: number | ... 2 more ... | undefined; createdAt?: SQL<...> | ... 2 more ... | undefined; }'.
  Overload 2 of 2, '(values: { name: string | SQL<unknown> | Placeholder<string, any>; slug: string | SQL<unknown> | Placeholder<string, any>; description?: string | SQL<unknown> | Placeholder<...> | null | undefined; id?: number | ... 2 more ... | undefined; createdAt?: SQL<...> | ... 2 more ... | undefined; }[]): PgInsertBase<...>', gave the following error.
    Object literal may only specify known properties, and 'name' does not exist in type '{ name: string | SQL<unknown> | Placeholder<string, any>; slug: string | SQL<unknown> | Placeholder<string, any>; description?: string | SQL<unknown> | Placeholder<...> | null | undefined; id?: number | ... 2 more ... | undefined; createdAt?: SQL<...> | ... 2 more ... | undefined; }[]'.
src/database/seed/enhancedSeedRunner.ts(497,16): error TS2769: No overload matches this call.
  Overload 1 of 2, '(value: { name: string | SQL<unknown> | Placeholder<string, any>; slug: string | SQL<unknown> | Placeholder<string, any>; description?: string | SQL<unknown> | Placeholder<...> | null | undefined; id?: number | ... 2 more ... | undefined; createdAt?: SQL<...> | ... 2 more ... | undefined; }): PgInsertBase<...>', gave the following error.
    Argument of type '{ name: string; }' is not assignable to parameter of type '{ name: string | SQL<unknown> | Placeholder<string, any>; slug: string | SQL<unknown> | Placeholder<string, any>; description?: string | SQL<unknown> | Placeholder<...> | null | undefined; id?: number | ... 2 more ... | undefined; createdAt?: SQL<...> | ... 2 more ... | undefined; }'.
      Property 'slug' is missing in type '{ name: string; }' but required in type '{ name: string | SQL<unknown> | Placeholder<string, any>; slug: string | SQL<unknown> | Placeholder<string, any>; description?: string | SQL<unknown> | Placeholder<...> | null | undefined; id?: number | ... 2 more ... | undefined; createdAt?: SQL<...> | ... 2 more ... | undefined; }'.
  Overload 2 of 2, '(values: { name: string | SQL<unknown> | Placeholder<string, any>; slug: string | SQL<unknown> | Placeholder<string, any>; description?: string | SQL<unknown> | Placeholder<...> | null | undefined; id?: number | ... 2 more ... | undefined; createdAt?: SQL<...> | ... 2 more ... | undefined; }[]): PgInsertBase<...>', gave the following error.
    Object literal may only specify known properties, and 'name' does not exist in type '{ name: string | SQL<unknown> | Placeholder<string, any>; slug: string | SQL<unknown> | Placeholder<string, any>; description?: string | SQL<unknown> | Placeholder<...> | null | undefined; id?: number | ... 2 more ... | undefined; createdAt?: SQL<...> | ... 2 more ... | undefined; }[]'.
src/database/seed/runUltraOptimized.ts(461,22): error TS2769: No overload matches this call.
  Overload 1 of 2, '(value: { name: string | SQL<unknown> | Placeholder<string, any>; slug: string | SQL<unknown> | Placeholder<string, any>; description?: string | SQL<unknown> | Placeholder<...> | null | undefined; id?: number | ... 2 more ... | undefined; createdAt?: SQL<...> | ... 2 more ... | undefined; }): PgInsertBase<...>', gave the following error.
    Argument of type '{ name: string; }' is not assignable to parameter of type '{ name: string | SQL<unknown> | Placeholder<string, any>; slug: string | SQL<unknown> | Placeholder<string, any>; description?: string | SQL<unknown> | Placeholder<...> | null | undefined; id?: number | ... 2 more ... | undefined; createdAt?: SQL<...> | ... 2 more ... | undefined; }'.
      Property 'slug' is missing in type '{ name: string; }' but required in type '{ name: string | SQL<unknown> | Placeholder<string, any>; slug: string | SQL<unknown> | Placeholder<string, any>; description?: string | SQL<unknown> | Placeholder<...> | null | undefined; id?: number | ... 2 more ... | undefined; createdAt?: SQL<...> | ... 2 more ... | undefined; }'.
  Overload 2 of 2, '(values: { name: string | SQL<unknown> | Placeholder<string, any>; slug: string | SQL<unknown> | Placeholder<string, any>; description?: string | SQL<unknown> | Placeholder<...> | null | undefined; id?: number | ... 2 more ... | undefined; createdAt?: SQL<...> | ... 2 more ... | undefined; }[]): PgInsertBase<...>', gave the following error.
    Object literal may only specify known properties, and 'name' does not exist in type '{ name: string | SQL<unknown> | Placeholder<string, any>; slug: string | SQL<unknown> | Placeholder<string, any>; description?: string | SQL<unknown> | Placeholder<...> | null | undefined; id?: number | ... 2 more ... | undefined; createdAt?: SQL<...> | ... 2 more ... | undefined; }[]'.
src/database/seed/seeders/comicSeeder.ts(127,49): error TS2345: Argument of type '{ name: string; }' is not assignable to parameter of type '{ name: string; slug: string; description?: string | null | undefined; id?: number | undefined; createdAt?: Date | undefined; }'.
  Property 'slug' is missing in type '{ name: string; }' but required in type '{ name: string; slug: string; description?: string | null | undefined; id?: number | undefined; createdAt?: Date | undefined; }'.
src/database/seed/seeders/comicSeederEnhanced.ts(208,49): error TS2769: No overload matches this call.
  Overload 1 of 2, '(value: { name: string | SQL<unknown> | Placeholder<string, any>; slug: string | SQL<unknown> | Placeholder<string, any>; description?: string | SQL<unknown> | Placeholder<...> | null | undefined; id?: number | ... 2 more ... | undefined; createdAt?: SQL<...> | ... 2 more ... | undefined; }): PgInsertBase<...>', gave the following error.
    Argument of type '{ name: string; }' is not assignable to parameter of type '{ name: string | SQL<unknown> | Placeholder<string, any>; slug: string | SQL<unknown> | Placeholder<string, any>; description?: string | SQL<unknown> | Placeholder<...> | null | undefined; id?: number | ... 2 more ... | undefined; createdAt?: SQL<...> | ... 2 more ... | undefined; }'.
      Property 'slug' is missing in type '{ name: string; }' but required in type '{ name: string | SQL<unknown> | Placeholder<string, any>; slug: string | SQL<unknown> | Placeholder<string, any>; description?: string | SQL<unknown> | Placeholder<...> | null | undefined; id?: number | ... 2 more ... | undefined; createdAt?: SQL<...> | ... 2 more ... | undefined; }'.
  Overload 2 of 2, '(values: { name: string | SQL<unknown> | Placeholder<string, any>; slug: string | SQL<unknown> | Placeholder<string, any>; description?: string | SQL<unknown> | Placeholder<...> | null | undefined; id?: number | ... 2 more ... | undefined; createdAt?: SQL<...> | ... 2 more ... | undefined; }[]): PgInsertBase<...>', gave the following error.
    Object literal may only specify known properties, and 'name' does not exist in type '{ name: string | SQL<unknown> | Placeholder<string, any>; slug: string | SQL<unknown> | Placeholder<string, any>; description?: string | SQL<unknown> | Placeholder<...> | null | undefined; id?: number | ... 2 more ... | undefined; createdAt?: SQL<...> | ... 2 more ... | undefined; }[]'.
src/database/seed/seeders/seedChaptersOptimized.ts(48,43): error TS2554: Expected 0 arguments, but got 1.
src/database/seed/seeders/seedComicsOptimized.ts(82,41): error TS2554: Expected 0 arguments, but got 1.
src/database/seed/seeders/seedComicsOptimized.ts(250,50): error TS2769: No overload matches this call.
  Overload 1 of 2, '(value: { name: string | SQL<unknown> | Placeholder<string, any>; slug: string | SQL<unknown> | Placeholder<string, any>; description?: string | SQL<unknown> | Placeholder<...> | null | undefined; id?: number | ... 2 more ... | undefined; createdAt?: SQL<...> | ... 2 more ... | undefined; }): PgInsertBase<...>', gave the following error.
    Argument of type '{ name: string; }' is not assignable to parameter of type '{ name: string | SQL<unknown> | Placeholder<string, any>; slug: string | SQL<unknown> | Placeholder<string, any>; description?: string | SQL<unknown> | Placeholder<...> | null | undefined; id?: number | ... 2 more ... | undefined; createdAt?: SQL<...> | ... 2 more ... | undefined; }'.
      Property 'slug' is missing in type '{ name: string; }' but required in type '{ name: string | SQL<unknown> | Placeholder<string, any>; slug: string | SQL<unknown> | Placeholder<string, any>; description?: string | SQL<unknown> | Placeholder<...> | null | undefined; id?: number | ... 2 more ... | undefined; createdAt?: SQL<...> | ... 2 more ... | undefined; }'.
  Overload 2 of 2, '(values: { name: string | SQL<unknown> | Placeholder<string, any>; slug: string | SQL<unknown> | Placeholder<string, any>; description?: string | SQL<unknown> | Placeholder<...> | null | undefined; id?: number | ... 2 more ... | undefined; createdAt?: SQL<...> | ... 2 more ... | undefined; }[]): PgInsertBase<...>', gave the following error.
    Object literal may only specify known properties, and 'name' does not exist in type '{ name: string | SQL<unknown> | Placeholder<string, any>; slug: string | SQL<unknown> | Placeholder<string, any>; description?: string | SQL<unknown> | Placeholder<...> | null | undefined; id?: number | ... 2 more ... | undefined; createdAt?: SQL<...> | ... 2 more ... | undefined; }[]'.
src/database/seed/seeders/seedUsersOptimized.ts(64,41): error TS2554: Expected 0 arguments, but got 1.
src/database/seed/seeders/universalSeeder.ts(703,6): error TS2769: No overload matches this call.
  Overload 1 of 2, '(value: { name: string | SQL<unknown> | Placeholder<string, any>; slug: string | SQL<unknown> | Placeholder<string, any>; description?: string | SQL<unknown> | Placeholder<...> | null | undefined; id?: number | ... 2 more ... | undefined; createdAt?: SQL<...> | ... 2 more ... | undefined; }): PgInsertBase<...>', gave the following error.
    Argument of type '{ name: string; description: null; }' is not assignable to parameter of type '{ name: string | SQL<unknown> | Placeholder<string, any>; slug: string | SQL<unknown> | Placeholder<string, any>; description?: string | SQL<unknown> | Placeholder<...> | null | undefined; id?: number | ... 2 more ... | undefined; createdAt?: SQL<...> | ... 2 more ... | undefined; }'.
      Property 'slug' is missing in type '{ name: string; description: null; }' but required in type '{ name: string | SQL<unknown> | Placeholder<string, any>; slug: string | SQL<unknown> | Placeholder<string, any>; description?: string | SQL<unknown> | Placeholder<...> | null | undefined; id?: number | ... 2 more ... | undefined; createdAt?: SQL<...> | ... 2 more ... | undefined; }'.
  Overload 2 of 2, '(values: { name: string | SQL<unknown> | Placeholder<string, any>; slug: string | SQL<unknown> | Placeholder<string, any>; description?: string | SQL<unknown> | Placeholder<...> | null | undefined; id?: number | ... 2 more ... | undefined; createdAt?: SQL<...> | ... 2 more ... | undefined; }[]): PgInsertBase<...>', gave the following error.
    Object literal may only specify known properties, and 'name' does not exist in type '{ name: string | SQL<unknown> | Placeholder<string, any>; slug: string | SQL<unknown> | Placeholder<string, any>; description?: string | SQL<unknown> | Placeholder<...> | null | undefined; id?: number | ... 2 more ... | undefined; createdAt?: SQL<...> | ... 2 more ... | undefined; }[]'.
src/database/seed/seedRunnerV3.ts(346,18): error TS2769: No overload matches this call.
  Overload 1 of 2, '(value: { name: string | SQL<unknown> | Placeholder<string, any>; slug: string | SQL<unknown> | Placeholder<string, any>; description?: string | SQL<unknown> | Placeholder<...> | null | undefined; id?: number | ... 2 more ... | undefined; createdAt?: SQL<...> | ... 2 more ... | undefined; }): PgInsertBase<...>', gave the following error.
    Argument of type '{ name: string; }' is not assignable to parameter of type '{ name: string | SQL<unknown> | Placeholder<string, any>; slug: string | SQL<unknown> | Placeholder<string, any>; description?: string | SQL<unknown> | Placeholder<...> | null | undefined; id?: number | ... 2 more ... | undefined; createdAt?: SQL<...> | ... 2 more ... | undefined; }'.
      Property 'slug' is missing in type '{ name: string; }' but required in type '{ name: string | SQL<unknown> | Placeholder<string, any>; slug: string | SQL<unknown> | Placeholder<string, any>; description?: string | SQL<unknown> | Placeholder<...> | null | undefined; id?: number | ... 2 more ... | undefined; createdAt?: SQL<...> | ... 2 more ... | undefined; }'.
  Overload 2 of 2, '(values: { name: string | SQL<unknown> | Placeholder<string, any>; slug: string | SQL<unknown> | Placeholder<string, any>; description?: string | SQL<unknown> | Placeholder<...> | null | undefined; id?: number | ... 2 more ... | undefined; createdAt?: SQL<...> | ... 2 more ... | undefined; }[]): PgInsertBase<...>', gave the following error.
    Object literal may only specify known properties, and 'name' does not exist in type '{ name: string | SQL<unknown> | Placeholder<string, any>; slug: string | SQL<unknown> | Placeholder<string, any>; description?: string | SQL<unknown> | Placeholder<...> | null | undefined; id?: number | ... 2 more ... | undefined; createdAt?: SQL<...> | ... 2 more ... | undefined; }[]'.
src/database/seed/seedRunnerV4.ts(292,47): error TS2769: No overload matches this call.
  Overload 1 of 2, '(value: { name: string | SQL<unknown> | Placeholder<string, any>; slug: string | SQL<unknown> | Placeholder<string, any>; description?: string | SQL<unknown> | Placeholder<...> | null | undefined; id?: number | ... 2 more ... | undefined; createdAt?: SQL<...> | ... 2 more ... | undefined; }): PgInsertBase<...>', gave the following error.
    Argument of type '{ name: string; }' is not assignable to parameter of type '{ name: string | SQL<unknown> | Placeholder<string, any>; slug: string | SQL<unknown> | Placeholder<string, any>; description?: string | SQL<unknown> | Placeholder<...> | null | undefined; id?: number | ... 2 more ... | undefined; createdAt?: SQL<...> | ... 2 more ... | undefined; }'.
      Property 'slug' is missing in type '{ name: string; }' but required in type '{ name: string | SQL<unknown> | Placeholder<string, any>; slug: string | SQL<unknown> | Placeholder<string, any>; description?: string | SQL<unknown> | Placeholder<...> | null | undefined; id?: number | ... 2 more ... | undefined; createdAt?: SQL<...> | ... 2 more ... | undefined; }'.
  Overload 2 of 2, '(values: { name: string | SQL<unknown> | Placeholder<string, any>; slug: string | SQL<unknown> | Placeholder<string, any>; description?: string | SQL<unknown> | Placeholder<...> | null | undefined; id?: number | ... 2 more ... | undefined; createdAt?: SQL<...> | ... 2 more ... | undefined; }[]): PgInsertBase<...>', gave the following error.
    Object literal may only specify known properties, and 'name' does not exist in type '{ name: string | SQL<unknown> | Placeholder<string, any>; slug: string | SQL<unknown> | Placeholder<string, any>; description?: string | SQL<unknown> | Placeholder<...> | null | undefined; id?: number | ... 2 more ... | undefined; createdAt?: SQL<...> | ... 2 more ... | undefined; }[]'.
src/lib/actions/genresTypes.ts(30,60): error TS2769: No overload matches this call.
  Overload 1 of 2, '(value: { name: string | SQL<unknown> | Placeholder<string, any>; slug: string | SQL<unknown> | Placeholder<string, any>; description?: string | SQL<unknown> | Placeholder<...> | null | undefined; id?: number | ... 2 more ... | undefined; createdAt?: SQL<...> | ... 2 more ... | undefined; }): PgInsertBase<...>', gave the following error.
    Argument of type '{ name: string; description?: string | undefined; }' is not assignable to parameter of type '{ name: string | SQL<unknown> | Placeholder<string, any>; slug: string | SQL<unknown> | Placeholder<string, any>; description?: string | SQL<unknown> | Placeholder<...> | null | undefined; id?: number | ... 2 more ... | undefined; createdAt?: SQL<...> | ... 2 more ... | undefined; }'.
      Property 'slug' is missing in type '{ name: string; description?: string | undefined; }' but required in type '{ name: string | SQL<unknown> | Placeholder<string, any>; slug: string | SQL<unknown> | Placeholder<string, any>; description?: string | SQL<unknown> | Placeholder<...> | null | undefined; id?: number | ... 2 more ... | undefined; createdAt?: SQL<...> | ... 2 more ... | undefined; }'.
  Overload 2 of 2, '(values: { name: string | SQL<unknown> | Placeholder<string, any>; slug: string | SQL<unknown> | Placeholder<string, any>; description?: string | SQL<unknown> | Placeholder<...> | null | undefined; id?: number | ... 2 more ... | undefined; createdAt?: SQL<...> | ... 2 more ... | undefined; }[]): PgInsertBase<...>', gave the following error.
    Argument of type '{ name: string; description?: string | undefined; }' is not assignable to parameter of type '{ name: string | SQL<unknown> | Placeholder<string, any>; slug: string | SQL<unknown> | Placeholder<string, any>; description?: string | SQL<unknown> | Placeholder<...> | null | undefined; id?: number | ... 2 more ... | undefined; createdAt?: SQL<...> | ... 2 more ... | undefined; }[]'.
      Type '{ name: string; description?: string | undefined; }' is missing the following properties from type '{ name: string | SQL<unknown> | Placeholder<string, any>; slug: string | SQL<unknown> | Placeholder<string, any>; description?: string | SQL<unknown> | Placeholder<...> | null | undefined; id?: number | ... 2 more ... | undefined; createdAt?: SQL<...> | ... 2 more ... | undefined; }[]': length, pop, push, concat, and 35 more.
ΓÇëELIFECYCLEΓÇë Command failed with exit code 2.
ΓÇëELIFECYCLEΓÇë Command failed with exit code 2.
